2020-12-27 20:21:22,357 logger INFO: Информационное сообщение
2020-12-27 20:21:22,358 logger CRITICAL: Критическое сообщение
2020-12-27 20:21:22,358 logger DEBUG: Отладочное сообщение
2020-12-27 20:21:22,359 logger WARNING: Предупреждение
2020-12-27 20:21:22,359 logger ERROR: Сообщение об ошибке
2020-12-27 20:21:27,175 logger DEBUG: Проверка логера!
2020-12-27 20:24:08,646 logger DEBUG: GET-запрос для фильтрации сформирован: https://www.imdb.com/search/title/?title_type=tv_series&release_date=2010-10-20,2020-09-20&user_rating=2.5,9.5&genres=western&countries=country
code
afAfghanistan
axAlandIslands
alAlbania
dzAlgeria
asAmericanSamoa
......
yeYemen
xyuYugoslavia
zrcdZaire
zmZambia
zwZimbabwe

[261rowsx1columns]
2020-12-27 20:26:14,153 logger DEBUG: GET-запрос для фильтрации сформирован: https://www.imdb.com/search/title/?title_type=tv_series&release_date=2010-10-20,2020-09-20&user_rating=2.5,9.5&genres=western&countries=
2020-12-27 20:26:38,714 logger DEBUG: Не удалось подключиться по html-адресу: https://www.imdb.com/search/title/?title_type=tv_series&release_date=2010-10-20,2020-09-20&user_rating=2.5,9.5&genres=western&countries=
2020-12-27 20:29:47,373 logger DEBUG: Подключен генратор юрез-агента
2020-12-27 20:30:10,854 logger DEBUG: Подключен генратор юрез-агента
2020-12-27 20:31:30,194 logger DEBUG: Проверка работы функции по сбору ссылок
2020-12-27 20:31:43,227 logger DEBUG: Проверка работы функции по сбору информации по фильму №1
2020-12-27 20:32:19,760 logger DEBUG: Проверка работы функции по сбору информации по фильму №2
2020-12-27 20:33:17,378 logger DEBUG: Проверка работы функции по сбору информации по фильму №1
2020-12-27 20:34:22,501 logger DEBUG: Проверка работы функции по сбору информации по фильму №1
2020-12-27 20:34:49,637 logger DEBUG: Проверка работы функции по сбору информации по фильму №1
2020-12-27 20:35:03,860 logger DEBUG: Проверка работы функции по сбору информации по фильму №1
2020-12-27 20:35:26,459 logger DEBUG: Проверка работы функции по сбору информации по фильму №1
2020-12-27 20:38:53,562 logger DEBUG: Проверка работы функции по сбору информации по фильму №1
2020-12-27 20:40:16,852 logger DEBUG: Проверка работы функции по сбору информации по фильму №1
2020-12-27 20:40:24,164 logger DEBUG: Проверка работы функции по сбору информации по фильму №1
2020-12-27 20:42:29,857 logger DEBUG: Проверка работы функции количество фильмов по фильтрации №1
2020-12-27 20:42:40,114 logger DEBUG: Проверка работы функции количество фильмов по фильтрации №2
2020-12-27 20:43:35,470 logger DEBUG: Проверка работы функции количество фильмов по фильтрации №1
2020-12-27 20:44:11,151 logger DEBUG: Проверка работы функции количество фильмов по фильтрации №2
2020-12-27 20:44:28,144 logger DEBUG: Проверка работы функции по сбору информации по фильму №2
2020-12-27 20:44:34,128 logger DEBUG: Проверка работы функции по сбору информации по фильму №3
2020-12-27 20:45:42,190 logger DEBUG: Проверка работы функции по сбору информации по фильму №1
2020-12-27 20:46:50,330 logger DEBUG: Проверка работы функции по сбору информации по фильму №1
2020-12-27 20:47:10,944 logger DEBUG: Проверка работы функции количество фильмов по фильтрации №1
2020-12-27 20:47:16,593 logger DEBUG: Проверка работы функции количество фильмов по фильтрации №2
2020-12-27 20:49:10,188 logger DEBUG: Проверка работы функции по сбору информации по фильму №1
2020-12-27 20:50:07,275 logger DEBUG: Проверка работы функции по сбору информации по фильму №1
2020-12-27 20:53:15,971 logger DEBUG: Проверка работы функции по сбору информации по фильму №2
2020-12-27 20:53:33,696 logger DEBUG: Проверка работы функции по сбору информации по фильму №3
2020-12-27 20:54:09,914 logger DEBUG: Проверка работы функции по сбору информации по фильму №2
2020-12-27 20:54:42,380 logger DEBUG: Проверка работы функции по сбору информации по фильму №1
2020-12-27 20:54:58,819 logger DEBUG: Проверка работы функции по сбору информации по фильму №3
2020-12-27 20:59:06,933 logger DEBUG: Проверка работы функции по сбору информации по фильму №3
2020-12-27 21:00:46,192 logger DEBUG: Проверка работы функции по сбору информации по фильму №3
2020-12-27 21:01:00,783 logger DEBUG: Проверка работы функции по сбору информации по фильму №3
2020-12-27 21:01:50,855 logger DEBUG: Проверка работы функции по сбору информации по фильму №1
2020-12-27 21:01:53,273 logger DEBUG: Проверка работы функции по сбору информации по фильму №2
2020-12-27 21:16:05,994 logger DEBUG: Проверка работы функции по сбору информации по фильму №1
2020-12-27 21:16:11,963 logger DEBUG: Проверка работы функции по сбору информации по фильму №2
2020-12-27 21:16:18,546 logger DEBUG: Проверка работы функции по сбору информации по фильму №3
2020-12-27 21:17:01,073 logger DEBUG: Проверка работы функции количество фильмов по фильтрации №1
2020-12-27 21:17:04,582 logger DEBUG: Проверка работы функции количество фильмов по фильтрации №2
2020-12-27 21:19:15,586 logger DEBUG: Запуск цикла парсера!
2020-12-27 21:19:26,951 logger DEBUG: Запуск цикла парсера!
2020-12-27 21:20:28,873 logger DEBUG: Запуск цикла парсера!
2020-12-27 21:23:04,860 logger DEBUG: Просмотр полученных данных по фильмам
2020-12-27 21:26:50,487 logger DEBUG: Проверка работы функции по сбору информации по фильму №1
2020-12-27 21:26:53,323 logger DEBUG: Проверка работы функции по сбору информации по фильму №2
2020-12-27 21:28:10,116 logger DEBUG: Проверка работы функции по сбору информации по фильму №1
2020-12-27 21:28:18,257 logger DEBUG: Проверка работы функции по сбору информации по фильму №2
2020-12-27 21:28:22,934 logger DEBUG: Проверка работы функции по сбору информации по фильму №3
2020-12-27 21:37:56,136 logger DEBUG: Проверка работы функции по сбору информации по фильму №1
2020-12-27 21:38:15,265 logger DEBUG: Проверка работы функции по сбору информации по фильму №1
2020-12-27 21:39:03,042 logger DEBUG: Проверка работы функции по сбору информации по фильму №1
2020-12-27 21:39:40,140 logger DEBUG: Проверка работы функции по сбору информации по фильму №1
2020-12-27 21:40:09,606 logger DEBUG: Проверка работы функции по сбору информации по фильму №1
2020-12-27 21:41:02,854 logger DEBUG: Проверка работы функции по сбору информации по фильму №1
2020-12-27 21:41:26,511 logger DEBUG: Проверка работы функции по сбору информации по фильму №1
2020-12-27 21:43:27,468 logger DEBUG: Проверка работы функции по сбору информации по фильму №1
2020-12-27 21:44:26,979 logger DEBUG: Проверка работы функции по сбору информации по фильму №1
2020-12-27 21:49:06,848 logger DEBUG: Проверка работы функции по сбору информации по фильму №1
2020-12-27 21:51:09,267 logger DEBUG: Проверка работы функции по сбору информации по фильму №1
2020-12-27 21:52:12,459 logger DEBUG: Проверка работы функции по сбору информации по фильму №1
2020-12-27 21:53:13,476 logger DEBUG: Проверка работы функции по сбору информации по фильму №1
2020-12-27 21:53:26,517 logger DEBUG: Проверка работы функции по сбору информации по фильму №2
2020-12-27 21:53:37,071 logger DEBUG: Проверка работы функции по сбору информации по фильму №3
2020-12-27 22:13:32,110 logger DEBUG: Запуск цикла парсера!
2020-12-27 22:14:08,462 logger DEBUG: Внимание! Попытка парсинга не удалась: https://www.imdb.com/title/tt8225204/?ref_=adv_li_tt
2020-12-27 22:14:10,588 logger DEBUG: Внимание! Попытка парсинга не удалась: https://www.imdb.com/title/tt8225204/?ref_=adv_li_tt
2020-12-27 22:14:12,685 logger DEBUG: Внимание! Попытка парсинга не удалась: https://www.imdb.com/title/tt8225204/?ref_=adv_li_tt
2020-12-27 22:14:14,849 logger DEBUG: Внимание! Попытка парсинга не удалась: https://www.imdb.com/title/tt8225204/?ref_=adv_li_tt
2020-12-27 22:14:17,120 logger DEBUG: Внимание! Попытка парсинга не удалась: https://www.imdb.com/title/tt8225204/?ref_=adv_li_tt
2020-12-27 22:14:45,567 logger DEBUG: Внимание! Попытка парсинга не удалась: https://www.imdb.com/title/tt1865572/?ref_=adv_li_tt
2020-12-27 22:14:48,154 logger DEBUG: Внимание! Попытка парсинга не удалась: https://www.imdb.com/title/tt1865572/?ref_=adv_li_tt
2020-12-27 22:14:50,767 logger DEBUG: Внимание! Попытка парсинга не удалась: https://www.imdb.com/title/tt1865572/?ref_=adv_li_tt
2020-12-27 22:14:53,247 logger DEBUG: Внимание! Попытка парсинга не удалась: https://www.imdb.com/title/tt1865572/?ref_=adv_li_tt
2020-12-27 22:14:55,482 logger DEBUG: Внимание! Попытка парсинга не удалась: https://www.imdb.com/title/tt1865572/?ref_=adv_li_tt
2020-12-27 22:14:58,379 logger DEBUG: Внимание! Попытка парсинга не удалась: https://www.imdb.com/title/tt4089276/?ref_=adv_li_tt
2020-12-27 22:15:00,769 logger DEBUG: Внимание! Попытка парсинга не удалась: https://www.imdb.com/title/tt4089276/?ref_=adv_li_tt
2020-12-27 22:15:03,568 logger DEBUG: Внимание! Попытка парсинга не удалась: https://www.imdb.com/title/tt4089276/?ref_=adv_li_tt
2020-12-27 22:15:05,680 logger DEBUG: Внимание! Попытка парсинга не удалась: https://www.imdb.com/title/tt4089276/?ref_=adv_li_tt
2020-12-27 22:15:07,997 logger DEBUG: Внимание! Попытка парсинга не удалась: https://www.imdb.com/title/tt4089276/?ref_=adv_li_tt
2020-12-27 22:15:10,499 logger DEBUG: Внимание! Попытка парсинга не удалась: https://www.imdb.com/title/tt5016670/?ref_=adv_li_tt
2020-12-27 22:15:12,765 logger DEBUG: Внимание! Попытка парсинга не удалась: https://www.imdb.com/title/tt5016670/?ref_=adv_li_tt
2020-12-27 22:15:15,354 logger DEBUG: Внимание! Попытка парсинга не удалась: https://www.imdb.com/title/tt5016670/?ref_=adv_li_tt
2020-12-27 22:15:17,675 logger DEBUG: Внимание! Попытка парсинга не удалась: https://www.imdb.com/title/tt5016670/?ref_=adv_li_tt
2020-12-27 22:15:20,385 logger DEBUG: Внимание! Попытка парсинга не удалась: https://www.imdb.com/title/tt5016670/?ref_=adv_li_tt
2020-12-27 22:15:23,598 logger DEBUG: Внимание! Попытка парсинга не удалась: https://www.imdb.com/title/tt5796728/?ref_=adv_li_tt
2020-12-27 22:15:25,799 logger DEBUG: Внимание! Попытка парсинга не удалась: https://www.imdb.com/title/tt5796728/?ref_=adv_li_tt
2020-12-27 22:15:28,136 logger DEBUG: Внимание! Попытка парсинга не удалась: https://www.imdb.com/title/tt5796728/?ref_=adv_li_tt
2020-12-27 22:15:30,461 logger DEBUG: Внимание! Попытка парсинга не удалась: https://www.imdb.com/title/tt5796728/?ref_=adv_li_tt
2020-12-27 22:15:32,588 logger DEBUG: Внимание! Попытка парсинга не удалась: https://www.imdb.com/title/tt5796728/?ref_=adv_li_tt
2020-12-27 22:15:45,451 logger DEBUG: Внимание! Попытка парсинга не удалась: https://www.imdb.com/title/tt3480830/?ref_=adv_li_tt
2020-12-27 22:15:47,521 logger DEBUG: Внимание! Попытка парсинга не удалась: https://www.imdb.com/title/tt3480830/?ref_=adv_li_tt
2020-12-27 22:15:49,713 logger DEBUG: Внимание! Попытка парсинга не удалась: https://www.imdb.com/title/tt3480830/?ref_=adv_li_tt
2020-12-27 22:15:51,979 logger DEBUG: Внимание! Попытка парсинга не удалась: https://www.imdb.com/title/tt3480830/?ref_=adv_li_tt
2020-12-27 22:15:55,822 logger DEBUG: Внимание! Попытка парсинга не удалась: https://www.imdb.com/title/tt3480830/?ref_=adv_li_tt
2020-12-27 22:16:10,176 logger DEBUG: Внимание! Попытка парсинга не удалась: https://www.imdb.com/title/tt3720758/?ref_=adv_li_tt
2020-12-27 22:16:12,320 logger DEBUG: Внимание! Попытка парсинга не удалась: https://www.imdb.com/title/tt3720758/?ref_=adv_li_tt
2020-12-27 22:16:14,197 logger DEBUG: Внимание! Попытка парсинга не удалась: https://www.imdb.com/title/tt3720758/?ref_=adv_li_tt
2020-12-27 22:16:16,291 logger DEBUG: Внимание! Попытка парсинга не удалась: https://www.imdb.com/title/tt3720758/?ref_=adv_li_tt
2020-12-27 22:16:18,591 logger DEBUG: Внимание! Попытка парсинга не удалась: https://www.imdb.com/title/tt3720758/?ref_=adv_li_tt
2020-12-27 22:16:21,860 logger DEBUG: Внимание! Попытка парсинга не удалась: https://www.imdb.com/title/tt5620074/?ref_=adv_li_tt
2020-12-27 22:16:24,035 logger DEBUG: Внимание! Попытка парсинга не удалась: https://www.imdb.com/title/tt5620074/?ref_=adv_li_tt
2020-12-27 22:16:26,184 logger DEBUG: Внимание! Попытка парсинга не удалась: https://www.imdb.com/title/tt5620074/?ref_=adv_li_tt
2020-12-27 22:16:28,168 logger DEBUG: Внимание! Попытка парсинга не удалась: https://www.imdb.com/title/tt5620074/?ref_=adv_li_tt
2020-12-27 22:16:30,714 logger DEBUG: Внимание! Попытка парсинга не удалась: https://www.imdb.com/title/tt5620074/?ref_=adv_li_tt
2020-12-27 22:16:54,597 logger DEBUG: Внимание! Попытка парсинга не удалась: https://www.imdb.com/title/tt4661722/?ref_=adv_li_tt
2020-12-27 22:16:56,718 logger DEBUG: Внимание! Попытка парсинга не удалась: https://www.imdb.com/title/tt4661722/?ref_=adv_li_tt
2020-12-27 22:16:58,568 logger DEBUG: Внимание! Попытка парсинга не удалась: https://www.imdb.com/title/tt4661722/?ref_=adv_li_tt
2020-12-27 22:17:00,546 logger DEBUG: Внимание! Попытка парсинга не удалась: https://www.imdb.com/title/tt4661722/?ref_=adv_li_tt
2020-12-27 22:17:02,485 logger DEBUG: Внимание! Попытка парсинга не удалась: https://www.imdb.com/title/tt4661722/?ref_=adv_li_tt
2020-12-27 22:19:28,955 logger DEBUG: Запуск цикла парсера!
2020-12-27 22:27:07,115 logger DEBUG: Запуск цикла парсера!
2020-12-27 22:31:32,639 logger DEBUG: Запуск цикла парсера!
2020-12-27 22:39:02,409 logger DEBUG: Запуск цикла парсера!
2020-12-27 22:40:37,091 logger DEBUG: Проверка работы функции по сбору ссылок
2020-12-27 22:52:32,369 logger DEBUG: Проверка работы функции по сбору ссылок
2020-12-27 22:54:08,386 logger DEBUG: Запуск цикла парсера!
2020-12-27 22:59:28,443 logger DEBUG: Полученные данные по фильмам записаны в файл!
2020-12-27 23:06:27,962 logger DEBUG: Проверка работы функции по сбору информации по фильму №1
2020-12-27 23:07:29,540 logger DEBUG: Проверка работы функции по сбору информации по фильму №1
